<?xml version="1.0" encoding="UTF-8"?>
<!-- Generated by org.testng.reporters.JUnitXMLReporter -->
<testsuite ignored="0" hostname="LAPTOP-E118AK4C" failures="0" tests="4" name="Surefire test" time="10.489" errors="0" timestamp="2024-03-29T09:26:57 IST">
  <testcase classname="api.test2.UserTests" name="testPostUser" time="3.74"/>
  <testcase classname="api.test2.UserTests" name="testGetUser" time="1.426"/>
  <testcase classname="api.test2.UserTests" name="testUpdateUser" time="2.962"/>
  <testcase classname="api.test2.UserTests" name="testDeleteUser" time="1.473"/>
</testsuite> <!-- Surefire test -->
