<?xml version="1.0" encoding="UTF-8"?>
<!-- Generated by org.testng.reporters.JUnitXMLReporter -->
<testsuite ignored="0" hostname="LAPTOP-E118AK4C" failures="0" tests="4" name="Default test" time="11.068" errors="0" timestamp="2024-03-28T15:54:29 IST">
  <testcase classname="api.test.UserTests2" name="testPostUser" time="5.508"/>
  <testcase classname="api.test.UserTests2" name="testGetUser" time="1.268"/>
  <testcase classname="api.test.UserTests2" name="testUpdateUser" time="2.445"/>
  <testcase classname="api.test.UserTests2" name="testDeleteUser" time="1.255"/>
</testsuite> <!-- Default test -->
