<?xml version="1.0" encoding="UTF-8"?>
<testng-results ignored="0" total="4" passed="4" failed="0" skipped="0">
  <reporter-output>
  </reporter-output>
  <suite started-at="2024-03-29T09:26:46 IST" name="Surefire suite" finished-at="2024-03-29T09:26:57 IST" duration-ms="10489">
    <groups>
    </groups>
    <test started-at="2024-03-29T09:26:46 IST" name="Surefire test" finished-at="2024-03-29T09:26:57 IST" duration-ms="10489">
      <class name="api.test2.UserTests">
        <test-method is-config="true" signature="setup()[pri:0, instance:api.test2.UserTests@73e22a3d]" started-at="2024-03-29T09:26:46 IST" name="setup" finished-at="2024-03-29T09:26:47 IST" duration-ms="832" status="PASS">
          <reporter-output>
          </reporter-output>
        </test-method> <!-- setup -->
        <test-method signature="testPostUser()[pri:1, instance:api.test2.UserTests@73e22a3d]" started-at="2024-03-29T09:26:47 IST" name="testPostUser" finished-at="2024-03-29T09:26:51 IST" duration-ms="3740" status="PASS">
          <reporter-output>
          </reporter-output>
        </test-method> <!-- testPostUser -->
        <test-method signature="testGetUser()[pri:2, instance:api.test2.UserTests@73e22a3d]" started-at="2024-03-29T09:26:51 IST" name="testGetUser" finished-at="2024-03-29T09:26:52 IST" duration-ms="1426" status="PASS">
          <reporter-output>
          </reporter-output>
        </test-method> <!-- testGetUser -->
        <test-method signature="testUpdateUser()[pri:3, instance:api.test2.UserTests@73e22a3d]" started-at="2024-03-29T09:26:52 IST" name="testUpdateUser" finished-at="2024-03-29T09:26:55 IST" duration-ms="2962" status="PASS">
          <reporter-output>
          </reporter-output>
        </test-method> <!-- testUpdateUser -->
        <test-method signature="testDeleteUser()[pri:4, instance:api.test2.UserTests@73e22a3d]" started-at="2024-03-29T09:26:55 IST" name="testDeleteUser" finished-at="2024-03-29T09:26:57 IST" duration-ms="1473" status="PASS">
          <reporter-output>
          </reporter-output>
        </test-method> <!-- testDeleteUser -->
      </class> <!-- api.test2.UserTests -->
    </test> <!-- Surefire test -->
  </suite> <!-- Surefire suite -->
</testng-results>
