<?xml version="1.0" encoding="UTF-8"?>
<testng-results ignored="0" total="4" passed="4" failed="0" skipped="0">
  <reporter-output>
  </reporter-output>
  <suite started-at="2024-03-29T09:23:50 IST" name="PetSuite" finished-at="2024-03-29T09:24:00 IST" duration-ms="10414">
    <groups>
    </groups>
    <test started-at="2024-03-29T09:23:50 IST" name="PetTests" finished-at="2024-03-29T09:24:00 IST" duration-ms="10414">
      <class name="api.test.UserTests2">
        <test-method is-config="true" signature="setup()[pri:0, instance:api.test.UserTests2@72cc7e6f]" started-at="2024-03-29T09:23:50 IST" name="setup" finished-at="2024-03-29T09:23:51 IST" duration-ms="496" status="PASS">
          <reporter-output>
          </reporter-output>
        </test-method> <!-- setup -->
        <test-method signature="testPostUser()[pri:1, instance:api.test.UserTests2@72cc7e6f]" started-at="2024-03-29T09:23:51 IST" name="testPostUser" finished-at="2024-03-29T09:23:55 IST" duration-ms="3921" status="PASS">
          <reporter-output>
          </reporter-output>
        </test-method> <!-- testPostUser -->
        <test-method signature="testGetUser()[pri:2, instance:api.test.UserTests2@72cc7e6f]" started-at="2024-03-29T09:23:55 IST" name="testGetUser" finished-at="2024-03-29T09:23:56 IST" duration-ms="1467" status="PASS">
          <reporter-output>
          </reporter-output>
        </test-method> <!-- testGetUser -->
        <test-method signature="testUpdateUser()[pri:3, instance:api.test.UserTests2@72cc7e6f]" started-at="2024-03-29T09:23:56 IST" name="testUpdateUser" finished-at="2024-03-29T09:23:59 IST" duration-ms="3089" status="PASS">
          <reporter-output>
          </reporter-output>
        </test-method> <!-- testUpdateUser -->
        <test-method signature="testDeleteUser()[pri:4, instance:api.test.UserTests2@72cc7e6f]" started-at="2024-03-29T09:23:59 IST" name="testDeleteUser" finished-at="2024-03-29T09:24:00 IST" duration-ms="1321" status="PASS">
          <reporter-output>
          </reporter-output>
        </test-method> <!-- testDeleteUser -->
      </class> <!-- api.test.UserTests2 -->
    </test> <!-- PetTests -->
  </suite> <!-- PetSuite -->
</testng-results>
