<?xml version="1.0" encoding="UTF-8"?>
<!-- Generated by org.testng.reporters.JUnitXMLReporter -->
<testsuite ignored="0" hostname="LAPTOP-E118AK4C" failures="0" tests="4" name="PetTests" time="10.414" errors="0" timestamp="2024-03-29T09:24:00 IST">
  <testcase classname="api.test.UserTests2" name="testPostUser" time="3.921"/>
  <testcase classname="api.test.UserTests2" name="testGetUser" time="1.467"/>
  <testcase classname="api.test.UserTests2" name="testUpdateUser" time="3.089"/>
  <testcase classname="api.test.UserTests2" name="testDeleteUser" time="1.321"/>
</testsuite> <!-- PetTests -->
